2024-10-16 02:54:38,252 - INFO - Loading and preparing data.
2024-10-16 02:54:38,256 - INFO - Data loading and preparation complete.
2024-10-16 02:54:38,277 - INFO - Initializing Rainbow Oscillator Strategy
2024-10-16 02:54:38,277 - INFO - Initialization complete
2024-10-16 02:54:38,278 - DEBUG - Processing bar: 2023-01-02 05:30:00 with signal 0 at price 16672.87
2024-10-16 02:54:38,278 - DEBUG - Processing bar: 2023-01-03 05:30:00 with signal 0 at price 16675.18
2024-10-16 02:54:38,278 - DEBUG - Processing bar: 2023-01-04 05:30:00 with signal 0 at price 16850.36
2024-10-16 02:54:38,278 - DEBUG - Processing bar: 2023-01-05 05:30:00 with signal 0 at price 16831.85
2024-10-16 02:54:38,278 - DEBUG - Processing bar: 2023-01-06 05:30:00 with signal 0 at price 16950.65
2024-10-16 02:54:38,278 - DEBUG - Processing bar: 2023-01-07 05:30:00 with signal 0 at price 16943.57
2024-10-16 02:54:38,278 - DEBUG - Processing bar: 2023-01-08 05:30:00 with signal 0 at price 17127.83
2024-10-16 02:54:38,278 - DEBUG - Processing bar: 2023-01-09 05:30:00 with signal 0 at price 17178.26
2024-10-16 02:54:38,278 - DEBUG - Processing bar: 2023-01-10 05:30:00 with signal 0 at price 17440.66
2024-10-16 02:54:38,278 - DEBUG - Processing bar: 2023-01-11 05:30:00 with signal 0 at price 17943.26
2024-10-16 02:54:38,278 - DEBUG - Processing bar: 2023-01-12 05:30:00 with signal 0 at price 18846.62
2024-10-16 02:54:38,279 - DEBUG - Processing bar: 2023-01-13 05:30:00 with signal 0 at price 19930.01
2024-10-16 02:54:38,279 - DEBUG - Processing bar: 2023-01-14 05:30:00 with signal 0 at price 20954.92
2024-10-16 02:54:38,279 - DEBUG - Processing bar: 2023-01-15 05:30:00 with signal 0 at price 20871.5
2024-10-16 02:54:38,279 - DEBUG - Processing bar: 2023-01-16 05:30:00 with signal 0 at price 21185.65
2024-10-16 02:54:38,279 - DEBUG - Processing bar: 2023-01-17 05:30:00 with signal 0 at price 21134.81
2024-10-16 02:54:38,279 - DEBUG - Processing bar: 2023-01-18 05:30:00 with signal 0 at price 20677.47
2024-10-16 02:54:38,279 - DEBUG - Processing bar: 2023-01-19 05:30:00 with signal 0 at price 21071.59
2024-10-16 02:54:38,279 - DEBUG - Processing bar: 2023-01-20 05:30:00 with signal 0 at price 22667.21
2024-10-16 02:54:38,279 - DEBUG - Processing bar: 2023-01-21 05:30:00 with signal 0 at price 22783.55
2024-10-16 02:54:38,279 - DEBUG - Processing bar: 2023-01-22 05:30:00 with signal 0 at price 22707.88
2024-10-16 02:54:38,279 - DEBUG - Processing bar: 2023-01-23 05:30:00 with signal 0 at price 22916.45
2024-10-16 02:54:38,279 - DEBUG - Processing bar: 2023-01-24 05:30:00 with signal 0 at price 22632.89
2024-10-16 02:54:38,279 - DEBUG - Processing bar: 2023-01-25 05:30:00 with signal 0 at price 23060.94
2024-10-16 02:54:38,279 - DEBUG - Processing bar: 2023-01-26 05:30:00 with signal 0 at price 23009.65
2024-10-16 02:54:38,279 - DEBUG - Processing bar: 2023-01-27 05:30:00 with signal 0 at price 23074.16
2024-10-16 02:54:38,279 - DEBUG - Processing bar: 2023-01-28 05:30:00 with signal 0 at price 23022.6
2024-10-16 02:54:38,279 - DEBUG - Processing bar: 2023-01-29 05:30:00 with signal -1 at price 23742.3
2024-10-16 02:54:38,279 - DEBUG - Sell signal detected, executing short at close=23742.3
2024-10-16 02:54:38,279 - DEBUG - Processing bar: 2023-01-30 05:30:00 with signal 0 at price 22826.15
2024-10-16 02:54:38,279 - DEBUG - Processing bar: 2023-01-31 05:30:00 with signal 0 at price 23125.13
2024-10-16 02:54:38,279 - DEBUG - Processing bar: 2023-02-01 05:30:00 with signal -1 at price 23732.66
2024-10-16 02:54:38,279 - DEBUG - Sell signal detected, executing short at close=23732.66
2024-10-16 02:54:38,279 - DEBUG - Already in short position, no action needed
2024-10-16 02:54:38,279 - DEBUG - Processing bar: 2023-02-02 05:30:00 with signal -1 at price 23488.94
2024-10-16 02:54:38,279 - DEBUG - Sell signal detected, executing short at close=23488.94
2024-10-16 02:54:38,279 - DEBUG - Already in short position, no action needed
2024-10-16 02:54:38,280 - DEBUG - Processing bar: 2023-02-03 05:30:00 with signal 0 at price 23431.9
2024-10-16 02:54:38,280 - DEBUG - Processing bar: 2023-02-04 05:30:00 with signal 0 at price 23326.84
2024-10-16 02:54:38,280 - DEBUG - Processing bar: 2023-02-05 05:30:00 with signal 0 at price 22932.91
2024-10-16 02:54:38,280 - DEBUG - Processing bar: 2023-02-06 05:30:00 with signal 0 at price 22762.52
2024-10-16 02:54:38,280 - DEBUG - Processing bar: 2023-02-07 05:30:00 with signal 0 at price 23240.46
2024-10-16 02:54:38,280 - DEBUG - Processing bar: 2023-02-08 05:30:00 with signal 1 at price 22963.0
2024-10-16 02:54:38,280 - DEBUG - Buy signal detected, executing long at close=22963.0
2024-10-16 02:54:38,280 - DEBUG - Closing short position before opening long
2024-10-16 02:54:38,280 - DEBUG - Processing bar: 2023-02-09 05:30:00 with signal 1 at price 21796.35
2024-10-16 02:54:38,280 - DEBUG - Buy signal detected, executing long at close=21796.35
2024-10-16 02:54:38,280 - DEBUG - Already in long position, no action needed
2024-10-16 02:54:38,280 - DEBUG - Processing bar: 2023-02-10 05:30:00 with signal 1 at price 21625.19
2024-10-16 02:54:38,280 - DEBUG - Buy signal detected, executing long at close=21625.19
2024-10-16 02:54:38,280 - DEBUG - Already in long position, no action needed
2024-10-16 02:54:38,280 - DEBUG - Processing bar: 2023-02-11 05:30:00 with signal 1 at price 21862.55
2024-10-16 02:54:38,280 - DEBUG - Buy signal detected, executing long at close=21862.55
2024-10-16 02:54:38,280 - DEBUG - Already in long position, no action needed
2024-10-16 02:54:38,281 - DEBUG - Processing bar: 2023-02-12 05:30:00 with signal 1 at price 21783.54
2024-10-16 02:54:38,281 - DEBUG - Buy signal detected, executing long at close=21783.54
2024-10-16 02:54:38,281 - DEBUG - Already in long position, no action needed
2024-10-16 02:54:38,281 - DEBUG - Processing bar: 2023-02-13 05:30:00 with signal 1 at price 21773.97
2024-10-16 02:54:38,281 - DEBUG - Buy signal detected, executing long at close=21773.97
2024-10-16 02:54:38,281 - DEBUG - Already in long position, no action needed
2024-10-16 02:54:38,281 - DEBUG - Processing bar: 2023-02-14 05:30:00 with signal 0 at price 22199.84
2024-10-16 02:54:38,281 - DEBUG - Processing bar: 2023-02-15 05:30:00 with signal -1 at price 24324.05
2024-10-16 02:54:38,281 - DEBUG - Sell signal detected, executing short at close=24324.05
2024-10-16 02:54:38,281 - DEBUG - Closing long position before opening short
2024-10-16 02:54:38,281 - DEBUG - Processing bar: 2023-02-16 05:30:00 with signal 0 at price 23517.72
2024-10-16 02:54:38,281 - DEBUG - Processing bar: 2023-02-17 05:30:00 with signal -1 at price 24569.97
2024-10-16 02:54:38,281 - DEBUG - Sell signal detected, executing short at close=24569.97
2024-10-16 02:54:38,281 - DEBUG - Already in short position, no action needed
2024-10-16 02:54:38,281 - DEBUG - Processing bar: 2023-02-18 05:30:00 with signal -1 at price 24631.95
2024-10-16 02:54:38,281 - DEBUG - Sell signal detected, executing short at close=24631.95
2024-10-16 02:54:38,281 - DEBUG - Already in short position, no action needed
2024-10-16 02:54:38,281 - DEBUG - Processing bar: 2023-02-19 05:30:00 with signal 0 at price 24271.76
2024-10-16 02:54:38,281 - DEBUG - Processing bar: 2023-02-20 05:30:00 with signal -1 at price 24842.2
2024-10-16 02:54:38,281 - DEBUG - Sell signal detected, executing short at close=24842.2
2024-10-16 02:54:38,281 - DEBUG - Already in short position, no action needed
2024-10-16 02:54:38,281 - DEBUG - Processing bar: 2023-02-21 05:30:00 with signal -1 at price 24452.16
2024-10-16 02:54:38,281 - DEBUG - Sell signal detected, executing short at close=24452.16
2024-10-16 02:54:38,281 - DEBUG - Already in short position, no action needed
2024-10-16 02:54:38,281 - DEBUG - Processing bar: 2023-02-22 05:30:00 with signal 0 at price 24182.21
2024-10-16 02:54:38,281 - DEBUG - Processing bar: 2023-02-23 05:30:00 with signal 0 at price 23940.2
2024-10-16 02:54:38,281 - DEBUG - Processing bar: 2023-02-24 05:30:00 with signal 0 at price 23185.29
2024-10-16 02:54:38,281 - DEBUG - Processing bar: 2023-02-25 05:30:00 with signal 0 at price 23157.07
2024-10-16 02:54:38,281 - DEBUG - Processing bar: 2023-02-26 05:30:00 with signal 0 at price 23554.85
2024-10-16 02:54:38,282 - DEBUG - Processing bar: 2023-02-27 05:30:00 with signal 0 at price 23492.09
2024-10-16 02:54:38,282 - DEBUG - Processing bar: 2023-02-28 05:30:00 with signal 0 at price 23141.57
2024-10-16 02:54:38,282 - DEBUG - Processing bar: 2023-03-01 05:30:00 with signal 0 at price 23628.97
2024-10-16 02:54:38,282 - DEBUG - Processing bar: 2023-03-02 05:30:00 with signal 0 at price 23465.32
2024-10-16 02:54:38,282 - DEBUG - Processing bar: 2023-03-03 05:30:00 with signal 1 at price 22354.34
2024-10-16 02:54:38,282 - DEBUG - Buy signal detected, executing long at close=22354.34
2024-10-16 02:54:38,282 - DEBUG - Closing short position before opening long
2024-10-16 02:54:38,282 - DEBUG - Processing bar: 2023-03-04 05:30:00 with signal 1 at price 22346.57
2024-10-16 02:54:38,282 - DEBUG - Buy signal detected, executing long at close=22346.57
2024-10-16 02:54:38,282 - DEBUG - Already in long position, no action needed
2024-10-16 02:54:38,282 - DEBUG - Processing bar: 2023-03-05 05:30:00 with signal 1 at price 22430.24
2024-10-16 02:54:38,282 - DEBUG - Buy signal detected, executing long at close=22430.24
2024-10-16 02:54:38,282 - DEBUG - Already in long position, no action needed
2024-10-16 02:54:38,282 - DEBUG - Processing bar: 2023-03-06 05:30:00 with signal 1 at price 22410.0
2024-10-16 02:54:38,282 - DEBUG - Buy signal detected, executing long at close=22410.0
2024-10-16 02:54:38,282 - DEBUG - Already in long position, no action needed
2024-10-16 02:54:38,282 - DEBUG - Processing bar: 2023-03-07 05:30:00 with signal 1 at price 22197.96
2024-10-16 02:54:38,282 - DEBUG - Buy signal detected, executing long at close=22197.96
2024-10-16 02:54:38,282 - DEBUG - Already in long position, no action needed
2024-10-16 02:54:38,282 - DEBUG - Processing bar: 2023-03-08 05:30:00 with signal 1 at price 21705.44
2024-10-16 02:54:38,282 - DEBUG - Buy signal detected, executing long at close=21705.44
2024-10-16 02:54:38,282 - DEBUG - Already in long position, no action needed
2024-10-16 02:54:38,282 - DEBUG - Processing bar: 2023-03-09 05:30:00 with signal 1 at price 20362.22
2024-10-16 02:54:38,282 - DEBUG - Buy signal detected, executing long at close=20362.22
2024-10-16 02:54:38,282 - DEBUG - Already in long position, no action needed
2024-10-16 02:54:38,282 - DEBUG - Processing bar: 2023-03-10 05:30:00 with signal 1 at price 20150.69
2024-10-16 02:54:38,282 - DEBUG - Buy signal detected, executing long at close=20150.69
2024-10-16 02:54:38,282 - DEBUG - Already in long position, no action needed
2024-10-16 02:54:38,282 - DEBUG - Processing bar: 2023-03-11 05:30:00 with signal 0 at price 20455.73
2024-10-16 02:54:38,282 - DEBUG - Processing bar: 2023-03-12 05:30:00 with signal 0 at price 21997.11
2024-10-16 02:54:38,282 - DEBUG - Processing bar: 2023-03-13 05:30:00 with signal -1 at price 24113.48
2024-10-16 02:54:38,282 - DEBUG - Sell signal detected, executing short at close=24113.48
2024-10-16 02:54:38,282 - DEBUG - Closing long position before opening short
2024-10-16 02:54:38,282 - DEBUG - Processing bar: 2023-03-14 05:30:00 with signal 0 at price 24670.41
2024-10-16 02:54:38,282 - DEBUG - Processing bar: 2023-03-15 05:30:00 with signal 0 at price 24285.66
2024-10-16 02:54:38,283 - DEBUG - Processing bar: 2023-03-16 05:30:00 with signal 0 at price 24998.78
2024-10-16 02:54:38,283 - DEBUG - Processing bar: 2023-03-17 05:30:00 with signal -1 at price 27395.13
2024-10-16 02:54:38,283 - DEBUG - Sell signal detected, executing short at close=27395.13
2024-10-16 02:54:38,283 - DEBUG - Already in short position, no action needed
2024-10-16 02:54:38,283 - DEBUG - Processing bar: 2023-03-18 05:30:00 with signal -1 at price 26907.49
2024-10-16 02:54:38,283 - DEBUG - Sell signal detected, executing short at close=26907.49
2024-10-16 02:54:38,283 - DEBUG - Already in short position, no action needed
2024-10-16 02:54:38,283 - DEBUG - Processing bar: 2023-03-19 05:30:00 with signal -1 at price 27972.87
2024-10-16 02:54:38,283 - DEBUG - Sell signal detected, executing short at close=27972.87
2024-10-16 02:54:38,283 - DEBUG - Already in short position, no action needed
2024-10-16 02:54:38,283 - DEBUG - Processing bar: 2023-03-20 05:30:00 with signal -1 at price 27717.01
2024-10-16 02:54:38,283 - DEBUG - Sell signal detected, executing short at close=27717.01
2024-10-16 02:54:38,283 - DEBUG - Already in short position, no action needed
2024-10-16 02:54:38,283 - DEBUG - Processing bar: 2023-03-21 05:30:00 with signal -1 at price 28105.47
2024-10-16 02:54:38,283 - DEBUG - Sell signal detected, executing short at close=28105.47
2024-10-16 02:54:38,283 - DEBUG - Already in short position, no action needed
2024-10-16 02:54:38,283 - DEBUG - Processing bar: 2023-03-22 05:30:00 with signal 0 at price 27250.97
2024-10-16 02:54:38,283 - DEBUG - Processing bar: 2023-03-23 05:30:00 with signal -1 at price 28295.41
2024-10-16 02:54:38,283 - DEBUG - Sell signal detected, executing short at close=28295.41
2024-10-16 02:54:38,283 - DEBUG - Already in short position, no action needed
2024-10-16 02:54:38,283 - DEBUG - Processing bar: 2023-03-24 05:30:00 with signal -1 at price 27454.47
2024-10-16 02:54:38,283 - DEBUG - Sell signal detected, executing short at close=27454.47
2024-10-16 02:54:38,283 - DEBUG - Already in short position, no action needed
2024-10-16 02:54:38,284 - DEBUG - Processing bar: 2023-03-25 05:30:00 with signal 0 at price 27462.95
2024-10-16 02:54:38,284 - DEBUG - Processing bar: 2023-03-26 05:30:00 with signal -1 at price 27968.05
2024-10-16 02:54:38,284 - DEBUG - Sell signal detected, executing short at close=27968.05
2024-10-16 02:54:38,284 - DEBUG - Already in short position, no action needed
2024-10-16 02:54:38,284 - DEBUG - Processing bar: 2023-03-27 05:30:00 with signal 0 at price 27124.91
2024-10-16 02:54:38,284 - DEBUG - Processing bar: 2023-03-28 05:30:00 with signal 0 at price 27261.07
2024-10-16 02:54:38,284 - DEBUG - Processing bar: 2023-03-29 05:30:00 with signal -1 at price 28348.6
2024-10-16 02:54:38,284 - DEBUG - Sell signal detected, executing short at close=28348.6
2024-10-16 02:54:38,284 - DEBUG - Already in short position, no action needed
2024-10-16 02:54:38,284 - DEBUG - Processing bar: 2023-03-30 05:30:00 with signal -1 at price 28028.53
2024-10-16 02:54:38,285 - DEBUG - Sell signal detected, executing short at close=28028.53
2024-10-16 02:54:38,285 - DEBUG - Already in short position, no action needed
2024-10-16 02:54:38,285 - DEBUG - Processing bar: 2023-03-31 05:30:00 with signal -1 at price 28465.36
2024-10-16 02:54:38,285 - DEBUG - Sell signal detected, executing short at close=28465.36
2024-10-16 02:54:38,285 - DEBUG - Already in short position, no action needed
2024-10-16 02:54:38,285 - DEBUG - Processing bar: 2023-04-01 05:30:00 with signal -1 at price 28452.73
2024-10-16 02:54:38,285 - DEBUG - Sell signal detected, executing short at close=28452.73
2024-10-16 02:54:38,285 - DEBUG - Already in short position, no action needed
2024-10-16 02:54:38,285 - DEBUG - Processing bar: 2023-04-02 05:30:00 with signal -1 at price 28171.87
2024-10-16 02:54:38,285 - DEBUG - Sell signal detected, executing short at close=28171.87
2024-10-16 02:54:38,285 - DEBUG - Already in short position, no action needed
2024-10-16 02:54:38,285 - DEBUG - Processing bar: 2023-04-03 05:30:00 with signal 0 at price 27800.0
2024-10-16 02:54:38,285 - DEBUG - Processing bar: 2023-04-04 05:30:00 with signal -1 at price 28165.47
2024-10-16 02:54:38,286 - DEBUG - Sell signal detected, executing short at close=28165.47
2024-10-16 02:54:38,286 - DEBUG - Already in short position, no action needed
2024-10-16 02:54:38,286 - DEBUG - Processing bar: 2023-04-05 05:30:00 with signal -1 at price 28170.01
2024-10-16 02:54:38,286 - DEBUG - Sell signal detected, executing short at close=28170.01
2024-10-16 02:54:38,286 - DEBUG - Already in short position, no action needed
2024-10-16 02:54:38,286 - DEBUG - Processing bar: 2023-04-06 05:30:00 with signal 0 at price 28033.82
2024-10-16 02:54:38,286 - DEBUG - Processing bar: 2023-04-07 05:30:00 with signal 0 at price 27906.33
2024-10-16 02:54:38,286 - DEBUG - Processing bar: 2023-04-08 05:30:00 with signal 0 at price 27938.38
2024-10-16 02:54:38,286 - DEBUG - Processing bar: 2023-04-09 05:30:00 with signal -1 at price 28323.76
2024-10-16 02:54:38,286 - DEBUG - Sell signal detected, executing short at close=28323.76
2024-10-16 02:54:38,287 - DEBUG - Already in short position, no action needed
2024-10-16 02:54:38,287 - DEBUG - Processing bar: 2023-04-10 05:30:00 with signal -1 at price 29637.34
2024-10-16 02:54:38,287 - DEBUG - Sell signal detected, executing short at close=29637.34
2024-10-16 02:54:38,287 - DEBUG - Already in short position, no action needed
2024-10-16 02:54:38,287 - DEBUG - Processing bar: 2023-04-11 05:30:00 with signal -1 at price 30200.42
2024-10-16 02:54:38,287 - DEBUG - Sell signal detected, executing short at close=30200.42
2024-10-16 02:54:38,287 - DEBUG - Already in short position, no action needed
2024-10-16 02:54:38,287 - DEBUG - Processing bar: 2023-04-12 05:30:00 with signal -1 at price 29888.07
2024-10-16 02:54:38,287 - DEBUG - Sell signal detected, executing short at close=29888.07
2024-10-16 02:54:38,287 - DEBUG - Already in short position, no action needed
2024-10-16 02:54:38,287 - DEBUG - Processing bar: 2023-04-13 05:30:00 with signal -1 at price 30373.84
2024-10-16 02:54:38,287 - DEBUG - Sell signal detected, executing short at close=30373.84
2024-10-16 02:54:38,287 - DEBUG - Already in short position, no action needed
2024-10-16 02:54:38,287 - DEBUG - Processing bar: 2023-04-14 05:30:00 with signal -1 at price 30466.93
2024-10-16 02:54:38,287 - DEBUG - Sell signal detected, executing short at close=30466.93
2024-10-16 02:54:38,287 - DEBUG - Already in short position, no action needed
2024-10-16 02:54:38,287 - DEBUG - Processing bar: 2023-04-15 05:30:00 with signal -1 at price 30295.09
2024-10-16 02:54:38,287 - DEBUG - Sell signal detected, executing short at close=30295.09
2024-10-16 02:54:38,287 - DEBUG - Already in short position, no action needed
2024-10-16 02:54:38,287 - DEBUG - Processing bar: 2023-04-16 05:30:00 with signal -1 at price 30304.65
2024-10-16 02:54:38,287 - DEBUG - Sell signal detected, executing short at close=30304.65
2024-10-16 02:54:38,287 - DEBUG - Already in short position, no action needed
2024-10-16 02:54:38,287 - DEBUG - Processing bar: 2023-04-17 05:30:00 with signal 0 at price 29430.27
2024-10-16 02:54:38,287 - DEBUG - Processing bar: 2023-04-18 05:30:00 with signal -1 at price 30380.01
2024-10-16 02:54:38,287 - DEBUG - Sell signal detected, executing short at close=30380.01
2024-10-16 02:54:38,287 - DEBUG - Already in short position, no action needed
2024-10-16 02:54:38,287 - DEBUG - Processing bar: 2023-04-19 05:30:00 with signal 0 at price 28797.1
2024-10-16 02:54:38,287 - DEBUG - Processing bar: 2023-04-20 05:30:00 with signal 0 at price 28243.65
2024-10-16 02:54:38,287 - DEBUG - Processing bar: 2023-04-21 05:30:00 with signal 1 at price 27262.84
2024-10-16 02:54:38,287 - DEBUG - Buy signal detected, executing long at close=27262.84
2024-10-16 02:54:38,287 - DEBUG - Closing short position before opening long
2024-10-16 02:54:38,287 - DEBUG - Processing bar: 2023-04-22 05:30:00 with signal 1 at price 27816.85
2024-10-16 02:54:38,287 - DEBUG - Buy signal detected, executing long at close=27816.85
2024-10-16 02:54:38,287 - DEBUG - Already in long position, no action needed
2024-10-16 02:54:38,287 - DEBUG - Processing bar: 2023-04-23 05:30:00 with signal 1 at price 27590.6
2024-10-16 02:54:38,287 - DEBUG - Buy signal detected, executing long at close=27590.6
2024-10-16 02:54:38,287 - DEBUG - Already in long position, no action needed
2024-10-16 02:54:38,288 - DEBUG - Processing bar: 2023-04-24 05:30:00 with signal 1 at price 27510.93
2024-10-16 02:54:38,288 - DEBUG - Buy signal detected, executing long at close=27510.93
2024-10-16 02:54:38,288 - DEBUG - Already in long position, no action needed
2024-10-16 02:54:38,288 - DEBUG - Processing bar: 2023-04-25 05:30:00 with signal 0 at price 28300.79
2024-10-16 02:54:38,288 - DEBUG - Processing bar: 2023-04-26 05:30:00 with signal 0 at price 28415.29
2024-10-16 02:54:38,288 - DEBUG - Processing bar: 2023-04-27 05:30:00 with signal 0 at price 29472.77
2024-10-16 02:54:38,288 - DEBUG - Processing bar: 2023-04-28 05:30:00 with signal 0 at price 29311.7
2024-10-16 02:54:38,288 - DEBUG - Processing bar: 2023-04-29 05:30:00 with signal 0 at price 29230.45
2024-10-16 02:54:38,288 - DEBUG - Processing bar: 2023-04-30 05:30:00 with signal 0 at price 29233.21
2024-10-16 02:54:38,288 - DEBUG - Processing bar: 2023-05-01 05:30:00 with signal 0 at price 28068.26
2024-10-16 02:54:38,288 - DEBUG - Processing bar: 2023-05-02 05:30:00 with signal 0 at price 28669.86
2024-10-16 02:54:38,288 - DEBUG - Processing bar: 2023-05-03 05:30:00 with signal 0 at price 29026.16
2024-10-16 02:54:38,288 - DEBUG - Processing bar: 2023-05-04 05:30:00 with signal 0 at price 28838.16
2024-10-16 02:54:38,288 - DEBUG - Processing bar: 2023-05-05 05:30:00 with signal 0 at price 29505.61
2024-10-16 02:54:38,288 - DEBUG - Processing bar: 2023-05-06 05:30:00 with signal 0 at price 28848.2
2024-10-16 02:54:38,288 - DEBUG - Processing bar: 2023-05-07 05:30:00 with signal 0 at price 28430.1
2024-10-16 02:54:38,288 - DEBUG - Processing bar: 2023-05-08 05:30:00 with signal 0 at price 27668.79
2024-10-16 02:54:38,288 - DEBUG - Processing bar: 2023-05-09 05:30:00 with signal 0 at price 27628.27
2024-10-16 02:54:38,288 - DEBUG - Processing bar: 2023-05-10 05:30:00 with signal 0 at price 27598.75
2024-10-16 02:54:38,288 - DEBUG - Processing bar: 2023-05-11 05:30:00 with signal 0 at price 26968.62
2024-10-16 02:54:38,288 - DEBUG - Processing bar: 2023-05-12 05:30:00 with signal 0 at price 26795.01
2024-10-16 02:54:38,288 - DEBUG - Processing bar: 2023-05-13 05:30:00 with signal 1 at price 26775.28
2024-10-16 02:54:38,288 - DEBUG - Buy signal detected, executing long at close=26775.28
2024-10-16 02:54:38,288 - DEBUG - Already in long position, no action needed
2024-10-16 02:54:38,288 - DEBUG - Processing bar: 2023-05-14 05:30:00 with signal 0 at price 26917.62
2024-10-16 02:54:38,288 - DEBUG - Processing bar: 2023-05-15 05:30:00 with signal 0 at price 27162.14
2024-10-16 02:54:38,288 - DEBUG - Processing bar: 2023-05-16 05:30:00 with signal 0 at price 27033.84
2024-10-16 02:54:38,288 - DEBUG - Processing bar: 2023-05-17 05:30:00 with signal 0 at price 27405.61
2024-10-16 02:54:38,288 - DEBUG - Processing bar: 2023-05-18 05:30:00 with signal 0 at price 26821.28
2024-10-16 02:54:38,289 - DEBUG - Processing bar: 2023-05-19 05:30:00 with signal 0 at price 26880.26
2024-10-16 02:54:38,289 - DEBUG - Processing bar: 2023-05-20 05:30:00 with signal 0 at price 27102.43
2024-10-16 02:54:38,289 - DEBUG - Processing bar: 2023-05-21 05:30:00 with signal 0 at price 26747.78
2024-10-16 02:54:38,289 - DEBUG - Processing bar: 2023-05-22 05:30:00 with signal 0 at price 26849.27
2024-10-16 02:54:38,289 - DEBUG - Processing bar: 2023-05-23 05:30:00 with signal 0 at price 27219.61
2024-10-16 02:54:38,289 - DEBUG - Processing bar: 2023-05-24 05:30:00 with signal 1 at price 26329.01
2024-10-16 02:54:38,289 - DEBUG - Buy signal detected, executing long at close=26329.01
2024-10-16 02:54:38,289 - DEBUG - Already in long position, no action needed
2024-10-16 02:54:38,289 - DEBUG - Processing bar: 2023-05-25 05:30:00 with signal 1 at price 26473.79
2024-10-16 02:54:38,289 - DEBUG - Buy signal detected, executing long at close=26473.79
2024-10-16 02:54:38,289 - DEBUG - Already in long position, no action needed
2024-10-16 02:54:38,289 - DEBUG - Processing bar: 2023-05-26 05:30:00 with signal 0 at price 26705.92
2024-10-16 02:54:38,289 - DEBUG - Processing bar: 2023-05-27 05:30:00 with signal 0 at price 26854.27
2024-10-16 02:54:38,289 - DEBUG - Processing bar: 2023-05-28 05:30:00 with signal -1 at price 28065.0
2024-10-16 02:54:38,289 - DEBUG - Sell signal detected, executing short at close=28065.0
2024-10-16 02:54:38,289 - DEBUG - Closing long position before opening short
2024-10-16 02:54:38,289 - DEBUG - Processing bar: 2023-05-29 05:30:00 with signal -1 at price 27736.4
2024-10-16 02:54:38,289 - DEBUG - Sell signal detected, executing short at close=27736.4
2024-10-16 02:54:38,289 - DEBUG - Already in short position, no action needed
2024-10-16 02:54:38,289 - DEBUG - Processing bar: 2023-05-30 05:30:00 with signal -1 at price 27694.4
2024-10-16 02:54:38,289 - DEBUG - Sell signal detected, executing short at close=27694.4
2024-10-16 02:54:38,289 - DEBUG - Already in short position, no action needed
2024-10-16 02:54:38,289 - DEBUG - Processing bar: 2023-05-31 05:30:00 with signal 0 at price 27210.35
2024-10-16 02:54:38,289 - DEBUG - Processing bar: 2023-06-01 05:30:00 with signal 0 at price 26817.93
2024-10-16 02:54:38,289 - DEBUG - Processing bar: 2023-06-02 05:30:00 with signal 0 at price 27242.59
2024-10-16 02:54:38,289 - DEBUG - Processing bar: 2023-06-03 05:30:00 with signal 0 at price 27069.22
2024-10-16 02:54:38,289 - DEBUG - Processing bar: 2023-06-04 05:30:00 with signal 0 at price 27115.21
2024-10-16 02:54:38,290 - DEBUG - Processing bar: 2023-06-05 05:30:00 with signal 0 at price 25728.2
2024-10-16 02:54:38,290 - DEBUG - Processing bar: 2023-06-06 05:30:00 with signal 0 at price 27230.08
2024-10-16 02:54:38,290 - DEBUG - Processing bar: 2023-06-07 05:30:00 with signal 0 at price 26339.34
2024-10-16 02:54:38,290 - DEBUG - Processing bar: 2023-06-08 05:30:00 with signal 0 at price 26498.61
2024-10-16 02:54:38,290 - DEBUG - Processing bar: 2023-06-09 05:30:00 with signal 0 at price 26477.81
2024-10-16 02:54:38,290 - DEBUG - Processing bar: 2023-06-10 05:30:00 with signal 1 at price 25841.21
2024-10-16 02:54:38,290 - DEBUG - Buy signal detected, executing long at close=25841.21
2024-10-16 02:54:38,290 - DEBUG - Closing short position before opening long
2024-10-16 02:54:38,290 - DEBUG - Processing bar: 2023-06-11 05:30:00 with signal 1 at price 25925.55
2024-10-16 02:54:38,290 - DEBUG - Buy signal detected, executing long at close=25925.55
2024-10-16 02:54:38,290 - DEBUG - Already in long position, no action needed
2024-10-16 02:54:38,290 - DEBUG - Processing bar: 2023-06-12 05:30:00 with signal 1 at price 25905.19
2024-10-16 02:54:38,290 - DEBUG - Buy signal detected, executing long at close=25905.19
2024-10-16 02:54:38,290 - DEBUG - Already in long position, no action needed
2024-10-16 02:54:38,290 - DEBUG - Processing bar: 2023-06-13 05:30:00 with signal 1 at price 25934.25
2024-10-16 02:54:38,290 - DEBUG - Buy signal detected, executing long at close=25934.25
2024-10-16 02:54:38,290 - DEBUG - Already in long position, no action needed
2024-10-16 02:54:38,290 - DEBUG - Processing bar: 2023-06-14 05:30:00 with signal 1 at price 25128.6
2024-10-16 02:54:38,290 - DEBUG - Buy signal detected, executing long at close=25128.6
2024-10-16 02:54:38,290 - DEBUG - Already in long position, no action needed
2024-10-16 02:54:38,290 - DEBUG - Processing bar: 2023-06-15 05:30:00 with signal 1 at price 25598.49
2024-10-16 02:54:38,290 - DEBUG - Buy signal detected, executing long at close=25598.49
2024-10-16 02:54:38,290 - DEBUG - Already in long position, no action needed
2024-10-16 02:54:38,290 - DEBUG - Processing bar: 2023-06-16 05:30:00 with signal 0 at price 26345.0
2024-10-16 02:54:38,290 - DEBUG - Processing bar: 2023-06-17 05:30:00 with signal 0 at price 26516.99
2024-10-16 02:54:38,290 - DEBUG - Processing bar: 2023-06-18 05:30:00 with signal 0 at price 26339.97
2024-10-16 02:54:38,290 - DEBUG - Processing bar: 2023-06-19 05:30:00 with signal -1 at price 26844.35
2024-10-16 02:54:38,290 - DEBUG - Sell signal detected, executing short at close=26844.35
2024-10-16 02:54:38,290 - DEBUG - Closing long position before opening short
2024-10-16 02:54:38,290 - DEBUG - Processing bar: 2023-06-20 05:30:00 with signal -1 at price 28307.99
2024-10-16 02:54:38,290 - DEBUG - Sell signal detected, executing short at close=28307.99
2024-10-16 02:54:38,290 - DEBUG - Already in short position, no action needed
2024-10-16 02:54:38,290 - DEBUG - Processing bar: 2023-06-21 05:30:00 with signal -1 at price 29993.89
2024-10-16 02:54:38,290 - DEBUG - Sell signal detected, executing short at close=29993.89
2024-10-16 02:54:38,290 - DEBUG - Already in short position, no action needed
2024-10-16 02:54:38,290 - DEBUG - Processing bar: 2023-06-22 05:30:00 with signal -1 at price 29884.92
2024-10-16 02:54:38,291 - DEBUG - Sell signal detected, executing short at close=29884.92
2024-10-16 02:54:38,291 - DEBUG - Already in short position, no action needed
2024-10-16 02:54:38,291 - DEBUG - Processing bar: 2023-06-23 05:30:00 with signal -1 at price 30688.5
2024-10-16 02:54:38,291 - DEBUG - Sell signal detected, executing short at close=30688.5
2024-10-16 02:54:38,291 - DEBUG - Already in short position, no action needed
2024-10-16 02:54:38,291 - DEBUG - Processing bar: 2023-06-24 05:30:00 with signal -1 at price 30527.43
2024-10-16 02:54:38,291 - DEBUG - Sell signal detected, executing short at close=30527.43
2024-10-16 02:54:38,291 - DEBUG - Already in short position, no action needed
2024-10-16 02:54:38,291 - DEBUG - Processing bar: 2023-06-25 05:30:00 with signal -1 at price 30462.66
2024-10-16 02:54:38,291 - DEBUG - Sell signal detected, executing short at close=30462.66
2024-10-16 02:54:38,291 - DEBUG - Already in short position, no action needed
2024-10-16 02:54:38,291 - DEBUG - Processing bar: 2023-06-26 05:30:00 with signal 0 at price 30267.99
2024-10-16 02:54:38,291 - DEBUG - Processing bar: 2023-06-27 05:30:00 with signal -1 at price 30692.44
2024-10-16 02:54:38,291 - DEBUG - Sell signal detected, executing short at close=30692.44
2024-10-16 02:54:38,291 - DEBUG - Already in short position, no action needed
2024-10-16 02:54:38,291 - DEBUG - Processing bar: 2023-06-28 05:30:00 with signal 0 at price 30077.41
2024-10-16 02:54:38,291 - DEBUG - Processing bar: 2023-06-29 05:30:00 with signal 0 at price 30447.31
2024-10-16 02:54:38,291 - DEBUG - Processing bar: 2023-06-30 05:30:00 with signal -1 at price 30472.0
2024-10-16 02:54:38,291 - DEBUG - Sell signal detected, executing short at close=30472.0
2024-10-16 02:54:38,291 - DEBUG - Already in short position, no action needed
2024-10-16 02:54:38,291 - DEBUG - Processing bar: 2023-07-01 05:30:00 with signal -1 at price 30585.9
2024-10-16 02:54:38,291 - DEBUG - Sell signal detected, executing short at close=30585.9
2024-10-16 02:54:38,291 - DEBUG - Already in short position, no action needed
2024-10-16 02:54:38,291 - DEBUG - Processing bar: 2023-07-02 05:30:00 with signal -1 at price 30617.03
2024-10-16 02:54:38,291 - DEBUG - Sell signal detected, executing short at close=30617.03
2024-10-16 02:54:38,291 - DEBUG - Already in short position, no action needed
2024-10-16 02:54:38,291 - DEBUG - Processing bar: 2023-07-03 05:30:00 with signal -1 at price 31156.2
2024-10-16 02:54:38,291 - DEBUG - Sell signal detected, executing short at close=31156.2
2024-10-16 02:54:38,291 - DEBUG - Already in short position, no action needed
2024-10-16 02:54:38,291 - DEBUG - Processing bar: 2023-07-04 05:30:00 with signal -1 at price 30766.51
2024-10-16 02:54:38,291 - DEBUG - Sell signal detected, executing short at close=30766.51
2024-10-16 02:54:38,291 - DEBUG - Already in short position, no action needed
2024-10-16 02:54:38,291 - DEBUG - Processing bar: 2023-07-05 05:30:00 with signal -1 at price 30504.81
2024-10-16 02:54:38,291 - DEBUG - Sell signal detected, executing short at close=30504.81
2024-10-16 02:54:38,291 - DEBUG - Already in short position, no action needed
2024-10-16 02:54:38,291 - DEBUG - Processing bar: 2023-07-06 05:30:00 with signal 0 at price 29895.43
2024-10-16 02:54:38,291 - DEBUG - Processing bar: 2023-07-07 05:30:00 with signal 0 at price 30344.7
2024-10-16 02:54:38,291 - DEBUG - Processing bar: 2023-07-08 05:30:00 with signal 0 at price 30284.63
2024-10-16 02:54:38,291 - DEBUG - Processing bar: 2023-07-09 05:30:00 with signal 1 at price 30160.71
2024-10-16 02:54:38,292 - DEBUG - Buy signal detected, executing long at close=30160.71
2024-10-16 02:54:38,292 - DEBUG - Closing short position before opening long
2024-10-16 02:54:38,292 - DEBUG - Processing bar: 2023-07-10 05:30:00 with signal 0 at price 30411.57
2024-10-16 02:54:38,292 - DEBUG - Processing bar: 2023-07-11 05:30:00 with signal 0 at price 30622.1
2024-10-16 02:54:38,292 - DEBUG - Processing bar: 2023-07-12 05:30:00 with signal 0 at price 30380.0
2024-10-16 02:54:38,292 - DEBUG - Processing bar: 2023-07-13 05:30:00 with signal -1 at price 31454.23
2024-10-16 02:54:38,292 - DEBUG - Sell signal detected, executing short at close=31454.23
2024-10-16 02:54:38,292 - DEBUG - Closing long position before opening short
2024-10-16 02:54:38,292 - DEBUG - Processing bar: 2023-07-14 05:30:00 with signal 1 at price 30312.01
2024-10-16 02:54:38,292 - DEBUG - Buy signal detected, executing long at close=30312.01
2024-10-16 02:54:38,292 - DEBUG - Closing short position before opening long
2024-10-16 02:54:38,292 - DEBUG - Processing bar: 2023-07-15 05:30:00 with signal 1 at price 30289.52
2024-10-16 02:54:38,292 - DEBUG - Buy signal detected, executing long at close=30289.52
2024-10-16 02:54:38,292 - DEBUG - Already in long position, no action needed
2024-10-16 02:54:38,292 - DEBUG - Processing bar: 2023-07-16 05:30:00 with signal 1 at price 30231.99
2024-10-16 02:54:38,292 - DEBUG - Buy signal detected, executing long at close=30231.99
2024-10-16 02:54:38,292 - DEBUG - Already in long position, no action needed
2024-10-16 02:54:38,292 - DEBUG - Processing bar: 2023-07-17 05:30:00 with signal 1 at price 30138.0
2024-10-16 02:54:38,292 - DEBUG - Buy signal detected, executing long at close=30138.0
2024-10-16 02:54:38,292 - DEBUG - Already in long position, no action needed
2024-10-16 02:54:38,292 - DEBUG - Processing bar: 2023-07-18 05:30:00 with signal 1 at price 29859.13
2024-10-16 02:54:38,292 - DEBUG - Buy signal detected, executing long at close=29859.13
2024-10-16 02:54:38,292 - DEBUG - Already in long position, no action needed
2024-10-16 02:54:38,292 - DEBUG - Processing bar: 2023-07-19 05:30:00 with signal 1 at price 29909.21
2024-10-16 02:54:38,292 - DEBUG - Buy signal detected, executing long at close=29909.21
2024-10-16 02:54:38,292 - DEBUG - Already in long position, no action needed
2024-10-16 02:54:38,292 - DEBUG - Processing bar: 2023-07-20 05:30:00 with signal 1 at price 29800.0
2024-10-16 02:54:38,292 - DEBUG - Buy signal detected, executing long at close=29800.0
2024-10-16 02:54:38,292 - DEBUG - Already in long position, no action needed
2024-10-16 02:54:38,292 - DEBUG - Processing bar: 2023-07-21 05:30:00 with signal 1 at price 29901.72
2024-10-16 02:54:38,292 - DEBUG - Buy signal detected, executing long at close=29901.72
2024-10-16 02:54:38,292 - DEBUG - Already in long position, no action needed
2024-10-16 02:54:38,292 - DEBUG - Processing bar: 2023-07-22 05:30:00 with signal 1 at price 29794.0
2024-10-16 02:54:38,292 - DEBUG - Buy signal detected, executing long at close=29794.0
2024-10-16 02:54:38,292 - DEBUG - Already in long position, no action needed
2024-10-16 02:54:38,292 - DEBUG - Processing bar: 2023-07-23 05:30:00 with signal 1 at price 30083.75
2024-10-16 02:54:38,292 - DEBUG - Buy signal detected, executing long at close=30083.75
2024-10-16 02:54:38,292 - DEBUG - Already in long position, no action needed
2024-10-16 02:54:38,293 - DEBUG - Processing bar: 2023-07-24 05:30:00 with signal 1 at price 29176.5
2024-10-16 02:54:38,293 - DEBUG - Buy signal detected, executing long at close=29176.5
2024-10-16 02:54:38,293 - DEBUG - Already in long position, no action needed
2024-10-16 02:54:38,293 - DEBUG - Processing bar: 2023-07-25 05:30:00 with signal 1 at price 29228.91
2024-10-16 02:54:38,293 - DEBUG - Buy signal detected, executing long at close=29228.91
2024-10-16 02:54:38,293 - DEBUG - Already in long position, no action needed
2024-10-16 02:54:38,293 - DEBUG - Processing bar: 2023-07-26 05:30:00 with signal 1 at price 29351.96
2024-10-16 02:54:38,293 - DEBUG - Buy signal detected, executing long at close=29351.96
2024-10-16 02:54:38,293 - DEBUG - Already in long position, no action needed
2024-10-16 02:54:38,293 - DEBUG - Processing bar: 2023-07-27 05:30:00 with signal 1 at price 29222.78
2024-10-16 02:54:38,293 - DEBUG - Buy signal detected, executing long at close=29222.78
2024-10-16 02:54:38,293 - DEBUG - Already in long position, no action needed
2024-10-16 02:54:38,293 - DEBUG - Processing bar: 2023-07-28 05:30:00 with signal 1 at price 29314.14
2024-10-16 02:54:38,293 - DEBUG - Buy signal detected, executing long at close=29314.14
2024-10-16 02:54:38,293 - DEBUG - Already in long position, no action needed
2024-10-16 02:54:38,293 - DEBUG - Processing bar: 2023-07-29 05:30:00 with signal 1 at price 29352.9
2024-10-16 02:54:38,293 - DEBUG - Buy signal detected, executing long at close=29352.9
2024-10-16 02:54:38,293 - DEBUG - Already in long position, no action needed
2024-10-16 02:54:38,293 - DEBUG - Processing bar: 2023-07-30 05:30:00 with signal 0 at price 29281.09
2024-10-16 02:54:38,293 - DEBUG - Processing bar: 2023-07-31 05:30:00 with signal 0 at price 29232.25
2024-10-16 02:54:38,293 - DEBUG - Processing bar: 2023-08-01 05:30:00 with signal 0 at price 29705.99
2024-10-16 02:54:38,293 - DEBUG - Processing bar: 2023-08-02 05:30:00 with signal 0 at price 29186.01
2024-10-16 02:54:38,293 - DEBUG - Processing bar: 2023-08-03 05:30:00 with signal 0 at price 29193.64
2024-10-16 02:54:38,293 - DEBUG - Processing bar: 2023-08-04 05:30:00 with signal 0 at price 29113.99
2024-10-16 02:54:38,293 - DEBUG - Processing bar: 2023-08-05 05:30:00 with signal 0 at price 29072.13
2024-10-16 02:54:38,293 - DEBUG - Processing bar: 2023-08-06 05:30:00 with signal 0 at price 29088.42
2024-10-16 02:54:38,293 - DEBUG - Processing bar: 2023-08-07 05:30:00 with signal 0 at price 29211.06
2024-10-16 02:54:38,293 - DEBUG - Processing bar: 2023-08-08 05:30:00 with signal 0 at price 29770.42
2024-10-16 02:54:38,293 - DEBUG - Processing bar: 2023-08-09 05:30:00 with signal 0 at price 29581.99
2024-10-16 02:54:38,295 - DEBUG - Processing bar: 2023-08-10 05:30:00 with signal 0 at price 29455.75
2024-10-16 02:54:38,295 - DEBUG - Processing bar: 2023-08-11 05:30:00 with signal 0 at price 29426.03
2024-10-16 02:54:38,295 - DEBUG - Processing bar: 2023-08-12 05:30:00 with signal 0 at price 29430.17
2024-10-16 02:54:38,296 - DEBUG - Processing bar: 2023-08-13 05:30:00 with signal 0 at price 29303.84
2024-10-16 02:54:38,296 - DEBUG - Processing bar: 2023-08-14 05:30:00 with signal 0 at price 29430.93
2024-10-16 02:54:38,296 - DEBUG - Processing bar: 2023-08-15 05:30:00 with signal 0 at price 29200.0
2024-10-16 02:54:38,296 - DEBUG - Processing bar: 2023-08-16 05:30:00 with signal 0 at price 28730.51
2024-10-16 02:54:38,296 - DEBUG - Processing bar: 2023-08-17 05:30:00 with signal 0 at price 26623.41
2024-10-16 02:54:38,296 - DEBUG - Processing bar: 2023-08-18 05:30:00 with signal 0 at price 26054.0
2024-10-16 02:54:38,296 - DEBUG - Processing bar: 2023-08-19 05:30:00 with signal 0 at price 26100.01
2024-10-16 02:54:38,296 - DEBUG - Processing bar: 2023-08-20 05:30:00 with signal 0 at price 26189.99
2024-10-16 02:54:38,296 - DEBUG - Processing bar: 2023-08-21 05:30:00 with signal 0 at price 26126.92
2024-10-16 02:54:38,296 - DEBUG - Processing bar: 2023-08-22 05:30:00 with signal 0 at price 26056.0
2024-10-16 02:54:38,296 - DEBUG - Processing bar: 2023-08-23 05:30:00 with signal 0 at price 26432.72
2024-10-16 02:54:38,296 - DEBUG - Processing bar: 2023-08-24 05:30:00 with signal 0 at price 26180.05
2024-10-16 02:54:38,296 - DEBUG - Processing bar: 2023-08-25 05:30:00 with signal 0 at price 26060.01
2024-10-16 02:54:38,296 - DEBUG - Processing bar: 2023-08-26 05:30:00 with signal 0 at price 26017.37
2024-10-16 02:54:38,296 - DEBUG - Processing bar: 2023-08-27 05:30:00 with signal 0 at price 26101.77
2024-10-16 02:54:38,296 - DEBUG - Processing bar: 2023-08-28 05:30:00 with signal 0 at price 26120.0
2024-10-16 02:54:38,296 - DEBUG - Processing bar: 2023-08-29 05:30:00 with signal 0 at price 27716.34
2024-10-16 02:54:38,296 - DEBUG - Processing bar: 2023-08-30 05:30:00 with signal 0 at price 27299.99
2024-10-16 02:54:38,296 - DEBUG - Processing bar: 2023-08-31 05:30:00 with signal 0 at price 25940.78
2024-10-16 02:54:38,296 - DEBUG - Processing bar: 2023-09-01 05:30:00 with signal 1 at price 25805.05
2024-10-16 02:54:38,296 - DEBUG - Buy signal detected, executing long at close=25805.05
2024-10-16 02:54:38,296 - DEBUG - Already in long position, no action needed
2024-10-16 02:54:38,296 - DEBUG - Processing bar: 2023-09-02 05:30:00 with signal 0 at price 25869.51
2024-10-16 02:54:38,296 - DEBUG - Processing bar: 2023-09-03 05:30:00 with signal 0 at price 25971.21
2024-10-16 02:54:38,296 - DEBUG - Processing bar: 2023-09-04 05:30:00 with signal 1 at price 25826.02
2024-10-16 02:54:38,296 - DEBUG - Buy signal detected, executing long at close=25826.02
2024-10-16 02:54:38,296 - DEBUG - Already in long position, no action needed
2024-10-16 02:54:38,296 - DEBUG - Processing bar: 2023-09-05 05:30:00 with signal 1 at price 25792.1
2024-10-16 02:54:38,296 - DEBUG - Buy signal detected, executing long at close=25792.1
2024-10-16 02:54:38,297 - DEBUG - Already in long position, no action needed
2024-10-16 02:54:38,297 - DEBUG - Processing bar: 2023-09-06 05:30:00 with signal 1 at price 25759.95
2024-10-16 02:54:38,297 - DEBUG - Buy signal detected, executing long at close=25759.95
2024-10-16 02:54:38,297 - DEBUG - Already in long position, no action needed
2024-10-16 02:54:38,297 - DEBUG - Processing bar: 2023-09-07 05:30:00 with signal 0 at price 26255.0
2024-10-16 02:54:38,297 - DEBUG - Processing bar: 2023-09-08 05:30:00 with signal 1 at price 25910.5
2024-10-16 02:54:38,297 - DEBUG - Buy signal detected, executing long at close=25910.5
2024-10-16 02:54:38,297 - DEBUG - Already in long position, no action needed
2024-10-16 02:54:38,297 - DEBUG - Processing bar: 2023-09-09 05:30:00 with signal 1 at price 25901.61
2024-10-16 02:54:38,297 - DEBUG - Buy signal detected, executing long at close=25901.61
2024-10-16 02:54:38,297 - DEBUG - Already in long position, no action needed
2024-10-16 02:54:38,297 - DEBUG - Processing bar: 2023-09-10 05:30:00 with signal 1 at price 25841.61
2024-10-16 02:54:38,297 - DEBUG - Buy signal detected, executing long at close=25841.61
2024-10-16 02:54:38,297 - DEBUG - Already in long position, no action needed
2024-10-16 02:54:38,297 - DEBUG - Processing bar: 2023-09-11 05:30:00 with signal 1 at price 25162.52
2024-10-16 02:54:38,297 - DEBUG - Buy signal detected, executing long at close=25162.52
2024-10-16 02:54:38,297 - DEBUG - Already in long position, no action needed
2024-10-16 02:54:38,297 - DEBUG - Processing bar: 2023-09-12 05:30:00 with signal 0 at price 25840.1
2024-10-16 02:54:38,297 - DEBUG - Processing bar: 2023-09-13 05:30:00 with signal 0 at price 26222.0
2024-10-16 02:54:38,297 - DEBUG - Processing bar: 2023-09-14 05:30:00 with signal 0 at price 26522.73
2024-10-16 02:54:38,297 - DEBUG - Processing bar: 2023-09-15 05:30:00 with signal 0 at price 26600.0
2024-10-16 02:54:38,297 - DEBUG - Processing bar: 2023-09-16 05:30:00 with signal 0 at price 26559.67
2024-10-16 02:54:38,297 - DEBUG - Processing bar: 2023-09-17 05:30:00 with signal 0 at price 26527.51
2024-10-16 02:54:38,297 - DEBUG - Processing bar: 2023-09-18 05:30:00 with signal 0 at price 26762.51
2024-10-16 02:54:38,297 - DEBUG - Processing bar: 2023-09-19 05:30:00 with signal 0 at price 27210.26
2024-10-16 02:54:38,297 - DEBUG - Processing bar: 2023-09-20 05:30:00 with signal 0 at price 27125.0
2024-10-16 02:54:38,297 - DEBUG - Processing bar: 2023-09-21 05:30:00 with signal 0 at price 26568.08
2024-10-16 02:54:38,297 - DEBUG - Processing bar: 2023-09-22 05:30:00 with signal 0 at price 26580.14
2024-10-16 02:54:38,297 - DEBUG - Processing bar: 2023-09-23 05:30:00 with signal 0 at price 26575.96
2024-10-16 02:54:38,297 - DEBUG - Processing bar: 2023-09-24 05:30:00 with signal 0 at price 26248.38
2024-10-16 02:54:38,297 - DEBUG - Processing bar: 2023-09-25 05:30:00 with signal 0 at price 26304.81
2024-10-16 02:54:38,297 - DEBUG - Processing bar: 2023-09-26 05:30:00 with signal 0 at price 26221.67
2024-10-16 02:54:38,298 - DEBUG - Processing bar: 2023-09-27 05:30:00 with signal 0 at price 26372.99
2024-10-16 02:54:38,298 - DEBUG - Processing bar: 2023-09-28 05:30:00 with signal 0 at price 27021.39
2024-10-16 02:54:38,298 - DEBUG - Processing bar: 2023-09-29 05:30:00 with signal 0 at price 26906.96
2024-10-16 02:54:38,298 - DEBUG - Processing bar: 2023-09-30 05:30:00 with signal 0 at price 26962.56
2024-10-16 02:54:38,298 - DEBUG - Processing bar: 2023-10-01 05:30:00 with signal 0 at price 27992.57
2024-10-16 02:54:38,298 - DEBUG - Processing bar: 2023-10-02 05:30:00 with signal 0 at price 27494.51
2024-10-16 02:54:38,298 - DEBUG - Processing bar: 2023-10-03 05:30:00 with signal 0 at price 27426.46
2024-10-16 02:54:38,298 - DEBUG - Processing bar: 2023-10-04 05:30:00 with signal 0 at price 27778.57
2024-10-16 02:54:38,298 - DEBUG - Processing bar: 2023-10-05 05:30:00 with signal 0 at price 27410.39
2024-10-16 02:54:38,298 - DEBUG - Processing bar: 2023-10-06 05:30:00 with signal -1 at price 27931.09
2024-10-16 02:54:38,298 - DEBUG - Sell signal detected, executing short at close=27931.09
2024-10-16 02:54:38,298 - DEBUG - Closing long position before opening short
2024-10-16 02:54:38,298 - DEBUG - Processing bar: 2023-10-07 05:30:00 with signal -1 at price 27956.67
2024-10-16 02:54:38,298 - DEBUG - Sell signal detected, executing short at close=27956.67
2024-10-16 02:54:38,298 - DEBUG - Already in short position, no action needed
2024-10-16 02:54:38,298 - DEBUG - Processing bar: 2023-10-08 05:30:00 with signal 0 at price 27917.05
2024-10-16 02:54:38,298 - DEBUG - Processing bar: 2023-10-09 05:30:00 with signal 0 at price 27590.12
2024-10-16 02:54:38,298 - DEBUG - Processing bar: 2023-10-10 05:30:00 with signal 0 at price 27390.12
2024-10-16 02:54:38,298 - DEBUG - Processing bar: 2023-10-11 05:30:00 with signal 0 at price 26875.52
2024-10-16 02:54:38,298 - DEBUG - Processing bar: 2023-10-12 05:30:00 with signal 0 at price 26759.63
2024-10-16 02:54:38,299 - DEBUG - Processing bar: 2023-10-13 05:30:00 with signal 0 at price 26862.0
2024-10-16 02:54:38,299 - DEBUG - Processing bar: 2023-10-14 05:30:00 with signal 0 at price 26852.48
2024-10-16 02:54:38,299 - DEBUG - Processing bar: 2023-10-15 05:30:00 with signal 0 at price 27154.15
2024-10-16 02:54:38,299 - DEBUG - Processing bar: 2023-10-16 05:30:00 with signal 0 at price 28500.78
2024-10-16 02:54:38,300 - DEBUG - Processing bar: 2023-10-17 05:30:00 with signal 0 at price 28395.91
2024-10-16 02:54:38,300 - DEBUG - Processing bar: 2023-10-18 05:30:00 with signal 0 at price 28320.0
2024-10-16 02:54:38,300 - DEBUG - Processing bar: 2023-10-19 05:30:00 with signal 0 at price 28713.71
2024-10-16 02:54:38,300 - DEBUG - Processing bar: 2023-10-20 05:30:00 with signal -1 at price 29669.04
2024-10-16 02:54:38,301 - DEBUG - Sell signal detected, executing short at close=29669.04
2024-10-16 02:54:38,301 - DEBUG - Already in short position, no action needed
2024-10-16 02:54:38,301 - DEBUG - Processing bar: 2023-10-21 05:30:00 with signal -1 at price 29909.8
2024-10-16 02:54:38,301 - DEBUG - Sell signal detected, executing short at close=29909.8
2024-10-16 02:54:38,302 - DEBUG - Already in short position, no action needed
2024-10-16 02:54:38,302 - DEBUG - Processing bar: 2023-10-22 05:30:00 with signal -1 at price 29992.46
2024-10-16 02:54:38,302 - DEBUG - Sell signal detected, executing short at close=29992.46
2024-10-16 02:54:38,302 - DEBUG - Already in short position, no action needed
2024-10-16 02:54:38,302 - DEBUG - Processing bar: 2023-10-23 05:30:00 with signal 0 at price 33069.99
2024-10-16 02:54:38,302 - DEBUG - Processing bar: 2023-10-24 05:30:00 with signal -1 at price 33922.73
2024-10-16 02:54:38,302 - DEBUG - Sell signal detected, executing short at close=33922.73
2024-10-16 02:54:38,302 - DEBUG - Already in short position, no action needed
2024-10-16 02:54:38,302 - DEBUG - Processing bar: 2023-10-25 05:30:00 with signal -1 at price 34496.05
2024-10-16 02:54:38,302 - DEBUG - Sell signal detected, executing short at close=34496.05
2024-10-16 02:54:38,302 - DEBUG - Already in short position, no action needed
2024-10-16 02:54:38,302 - DEBUG - Processing bar: 2023-10-26 05:30:00 with signal -1 at price 34151.66
2024-10-16 02:54:38,303 - DEBUG - Sell signal detected, executing short at close=34151.66
2024-10-16 02:54:38,303 - DEBUG - Already in short position, no action needed
2024-10-16 02:54:38,303 - DEBUG - Processing bar: 2023-10-27 05:30:00 with signal 0 at price 33892.02
2024-10-16 02:54:38,303 - DEBUG - Processing bar: 2023-10-28 05:30:00 with signal -1 at price 34081.0
2024-10-16 02:54:38,303 - DEBUG - Sell signal detected, executing short at close=34081.0
2024-10-16 02:54:38,303 - DEBUG - Already in short position, no action needed
2024-10-16 02:54:38,303 - DEBUG - Processing bar: 2023-10-29 05:30:00 with signal -1 at price 34525.89
2024-10-16 02:54:38,303 - DEBUG - Sell signal detected, executing short at close=34525.89
2024-10-16 02:54:38,303 - DEBUG - Already in short position, no action needed
2024-10-16 02:54:38,303 - DEBUG - Processing bar: 2023-10-30 05:30:00 with signal -1 at price 34474.73
2024-10-16 02:54:38,303 - DEBUG - Sell signal detected, executing short at close=34474.73
2024-10-16 02:54:38,303 - DEBUG - Already in short position, no action needed
2024-10-16 02:54:38,304 - DEBUG - Processing bar: 2023-10-31 05:30:00 with signal -1 at price 34639.77
2024-10-16 02:54:38,304 - DEBUG - Sell signal detected, executing short at close=34639.77
2024-10-16 02:54:38,304 - DEBUG - Already in short position, no action needed
2024-10-16 02:54:38,304 - DEBUG - Processing bar: 2023-11-01 05:30:00 with signal -1 at price 35421.43
2024-10-16 02:54:38,304 - DEBUG - Sell signal detected, executing short at close=35421.43
2024-10-16 02:54:38,305 - DEBUG - Already in short position, no action needed
2024-10-16 02:54:38,305 - DEBUG - Processing bar: 2023-11-02 05:30:00 with signal -1 at price 34941.59
2024-10-16 02:54:38,305 - DEBUG - Sell signal detected, executing short at close=34941.59
2024-10-16 02:54:38,305 - DEBUG - Already in short position, no action needed
2024-10-16 02:54:38,305 - DEBUG - Processing bar: 2023-11-03 05:30:00 with signal 0 at price 34716.78
2024-10-16 02:54:38,305 - DEBUG - Processing bar: 2023-11-04 05:30:00 with signal -1 at price 35062.07
2024-10-16 02:54:38,305 - DEBUG - Sell signal detected, executing short at close=35062.07
2024-10-16 02:54:38,305 - DEBUG - Already in short position, no action needed
2024-10-16 02:54:38,305 - DEBUG - Processing bar: 2023-11-05 05:30:00 with signal -1 at price 35011.88
2024-10-16 02:54:38,305 - DEBUG - Sell signal detected, executing short at close=35011.88
2024-10-16 02:54:38,305 - DEBUG - Already in short position, no action needed
2024-10-16 02:54:38,305 - DEBUG - Processing bar: 2023-11-06 05:30:00 with signal -1 at price 35046.09
2024-10-16 02:54:38,305 - DEBUG - Sell signal detected, executing short at close=35046.09
2024-10-16 02:54:38,305 - DEBUG - Already in short position, no action needed
2024-10-16 02:54:38,305 - DEBUG - Processing bar: 2023-11-07 05:30:00 with signal -1 at price 35399.12
2024-10-16 02:54:38,305 - DEBUG - Sell signal detected, executing short at close=35399.12
2024-10-16 02:54:38,305 - DEBUG - Already in short position, no action needed
2024-10-16 02:54:38,305 - DEBUG - Processing bar: 2023-11-08 05:30:00 with signal -1 at price 35624.72
2024-10-16 02:54:38,305 - DEBUG - Sell signal detected, executing short at close=35624.72
2024-10-16 02:54:38,305 - DEBUG - Already in short position, no action needed
2024-10-16 02:54:38,305 - DEBUG - Processing bar: 2023-11-09 05:30:00 with signal 0 at price 36701.09
2024-10-16 02:54:38,305 - DEBUG - Processing bar: 2023-11-10 05:30:00 with signal -1 at price 37301.63
2024-10-16 02:54:38,305 - DEBUG - Sell signal detected, executing short at close=37301.63
2024-10-16 02:54:38,305 - DEBUG - Already in short position, no action needed
2024-10-16 02:54:38,305 - DEBUG - Processing bar: 2023-11-11 05:30:00 with signal -1 at price 37130.0
2024-10-16 02:54:38,305 - DEBUG - Sell signal detected, executing short at close=37130.0
2024-10-16 02:54:38,305 - DEBUG - Already in short position, no action needed
2024-10-16 02:54:38,305 - DEBUG - Processing bar: 2023-11-12 05:30:00 with signal -1 at price 37064.13
2024-10-16 02:54:38,306 - DEBUG - Sell signal detected, executing short at close=37064.13
2024-10-16 02:54:38,306 - DEBUG - Already in short position, no action needed
2024-10-16 02:54:38,306 - DEBUG - Processing bar: 2023-11-13 05:30:00 with signal 0 at price 36462.93
2024-10-16 02:54:38,306 - DEBUG - Processing bar: 2023-11-14 05:30:00 with signal 0 at price 35551.19
2024-10-16 02:54:38,306 - DEBUG - Processing bar: 2023-11-15 05:30:00 with signal -1 at price 37858.2
2024-10-16 02:54:38,306 - DEBUG - Sell signal detected, executing short at close=37858.2
2024-10-16 02:54:38,306 - DEBUG - Already in short position, no action needed
2024-10-16 02:54:38,306 - DEBUG - Processing bar: 2023-11-16 05:30:00 with signal 0 at price 36163.51
2024-10-16 02:54:38,306 - DEBUG - Processing bar: 2023-11-17 05:30:00 with signal 0 at price 36613.92
2024-10-16 02:54:38,306 - DEBUG - Processing bar: 2023-11-18 05:30:00 with signal 0 at price 36568.1
2024-10-16 02:54:38,306 - DEBUG - Processing bar: 2023-11-19 05:30:00 with signal -1 at price 37359.86
2024-10-16 02:54:38,306 - DEBUG - Sell signal detected, executing short at close=37359.86
2024-10-16 02:54:38,306 - DEBUG - Already in short position, no action needed
2024-10-16 02:54:38,306 - DEBUG - Processing bar: 2023-11-20 05:30:00 with signal -1 at price 37448.78
2024-10-16 02:54:38,306 - DEBUG - Sell signal detected, executing short at close=37448.78
2024-10-16 02:54:38,306 - DEBUG - Already in short position, no action needed
2024-10-16 02:54:38,306 - DEBUG - Processing bar: 2023-11-21 05:30:00 with signal 0 at price 35741.65
2024-10-16 02:54:38,306 - DEBUG - Processing bar: 2023-11-22 05:30:00 with signal -1 at price 37408.34
2024-10-16 02:54:38,307 - DEBUG - Sell signal detected, executing short at close=37408.34
2024-10-16 02:54:38,308 - DEBUG - Already in short position, no action needed
2024-10-16 02:54:38,309 - DEBUG - Processing bar: 2023-11-23 05:30:00 with signal -1 at price 37294.28
2024-10-16 02:54:38,309 - DEBUG - Sell signal detected, executing short at close=37294.28
2024-10-16 02:54:38,310 - DEBUG - Already in short position, no action needed
2024-10-16 02:54:38,310 - DEBUG - Processing bar: 2023-11-24 05:30:00 with signal -1 at price 37713.57
2024-10-16 02:54:38,311 - DEBUG - Sell signal detected, executing short at close=37713.57
2024-10-16 02:54:38,311 - DEBUG - Already in short position, no action needed
2024-10-16 02:54:38,311 - DEBUG - Processing bar: 2023-11-25 05:30:00 with signal -1 at price 37780.67
2024-10-16 02:54:38,311 - DEBUG - Sell signal detected, executing short at close=37780.67
2024-10-16 02:54:38,311 - DEBUG - Already in short position, no action needed
2024-10-16 02:54:38,311 - DEBUG - Processing bar: 2023-11-26 05:30:00 with signal -1 at price 37447.43
2024-10-16 02:54:38,311 - DEBUG - Sell signal detected, executing short at close=37447.43
2024-10-16 02:54:38,311 - DEBUG - Already in short position, no action needed
2024-10-16 02:54:38,312 - DEBUG - Processing bar: 2023-11-27 05:30:00 with signal 0 at price 37242.7
2024-10-16 02:54:38,312 - DEBUG - Processing bar: 2023-11-28 05:30:00 with signal -1 at price 37818.87
2024-10-16 02:54:38,312 - DEBUG - Sell signal detected, executing short at close=37818.87
2024-10-16 02:54:38,312 - DEBUG - Already in short position, no action needed
2024-10-16 02:54:38,312 - DEBUG - Processing bar: 2023-11-29 05:30:00 with signal -1 at price 37854.64
2024-10-16 02:54:38,312 - DEBUG - Sell signal detected, executing short at close=37854.64
2024-10-16 02:54:38,312 - DEBUG - Already in short position, no action needed
2024-10-16 02:54:38,312 - DEBUG - Processing bar: 2023-11-30 05:30:00 with signal -1 at price 37723.96
2024-10-16 02:54:38,312 - DEBUG - Sell signal detected, executing short at close=37723.96
2024-10-16 02:54:38,312 - DEBUG - Already in short position, no action needed
2024-10-16 02:54:38,312 - DEBUG - Processing bar: 2023-12-01 05:30:00 with signal -1 at price 38682.52
2024-10-16 02:54:38,312 - DEBUG - Sell signal detected, executing short at close=38682.52
2024-10-16 02:54:38,312 - DEBUG - Already in short position, no action needed
2024-10-16 02:54:38,312 - DEBUG - Processing bar: 2023-12-02 05:30:00 with signal -1 at price 39450.35
2024-10-16 02:54:38,312 - DEBUG - Sell signal detected, executing short at close=39450.35
2024-10-16 02:54:38,312 - DEBUG - Already in short position, no action needed
2024-10-16 02:54:38,312 - DEBUG - Processing bar: 2023-12-03 05:30:00 with signal -1 at price 39972.26
2024-10-16 02:54:38,312 - DEBUG - Sell signal detected, executing short at close=39972.26
2024-10-16 02:54:38,312 - DEBUG - Already in short position, no action needed
2024-10-16 02:54:38,312 - DEBUG - Processing bar: 2023-12-04 05:30:00 with signal -1 at price 41991.1
2024-10-16 02:54:38,312 - DEBUG - Sell signal detected, executing short at close=41991.1
2024-10-16 02:54:38,312 - DEBUG - Already in short position, no action needed
2024-10-16 02:54:38,312 - DEBUG - Processing bar: 2023-12-05 05:30:00 with signal -1 at price 44073.32
2024-10-16 02:54:38,312 - DEBUG - Sell signal detected, executing short at close=44073.32
2024-10-16 02:54:38,312 - DEBUG - Already in short position, no action needed
2024-10-16 02:54:38,312 - DEBUG - Processing bar: 2023-12-06 05:30:00 with signal -1 at price 43762.69
2024-10-16 02:54:38,312 - DEBUG - Sell signal detected, executing short at close=43762.69
2024-10-16 02:54:38,312 - DEBUG - Already in short position, no action needed
2024-10-16 02:54:38,312 - DEBUG - Processing bar: 2023-12-07 05:30:00 with signal -1 at price 43273.14
2024-10-16 02:54:38,312 - DEBUG - Sell signal detected, executing short at close=43273.14
2024-10-16 02:54:38,313 - DEBUG - Already in short position, no action needed
2024-10-16 02:54:38,313 - DEBUG - Processing bar: 2023-12-08 05:30:00 with signal -1 at price 44170.99
2024-10-16 02:54:38,313 - DEBUG - Sell signal detected, executing short at close=44170.99
2024-10-16 02:54:38,313 - DEBUG - Already in short position, no action needed
2024-10-16 02:54:38,313 - DEBUG - Processing bar: 2023-12-09 05:30:00 with signal -1 at price 43713.6
2024-10-16 02:54:38,313 - DEBUG - Sell signal detected, executing short at close=43713.6
2024-10-16 02:54:38,313 - DEBUG - Already in short position, no action needed
2024-10-16 02:54:38,313 - DEBUG - Processing bar: 2023-12-10 05:30:00 with signal -1 at price 43789.51
2024-10-16 02:54:38,313 - DEBUG - Sell signal detected, executing short at close=43789.51
2024-10-16 02:54:38,313 - DEBUG - Already in short position, no action needed
2024-10-16 02:54:38,313 - DEBUG - Processing bar: 2023-12-11 05:30:00 with signal 0 at price 41253.4
2024-10-16 02:54:38,313 - DEBUG - Processing bar: 2023-12-12 05:30:00 with signal 0 at price 41492.39
2024-10-16 02:54:38,313 - DEBUG - Processing bar: 2023-12-13 05:30:00 with signal 0 at price 42869.03
2024-10-16 02:54:38,313 - DEBUG - Processing bar: 2023-12-14 05:30:00 with signal 0 at price 43022.26
2024-10-16 02:54:38,313 - DEBUG - Processing bar: 2023-12-15 05:30:00 with signal 0 at price 41940.3
2024-10-16 02:54:38,313 - DEBUG - Processing bar: 2023-12-16 05:30:00 with signal 0 at price 42278.03
2024-10-16 02:54:38,313 - DEBUG - Processing bar: 2023-12-17 05:30:00 with signal 0 at price 41374.65
2024-10-16 02:54:38,313 - DEBUG - Processing bar: 2023-12-18 05:30:00 with signal 0 at price 42657.8
2024-10-16 02:54:38,313 - DEBUG - Processing bar: 2023-12-19 05:30:00 with signal 0 at price 42275.99
2024-10-16 02:54:38,313 - DEBUG - Processing bar: 2023-12-20 05:30:00 with signal -1 at price 43668.93
2024-10-16 02:54:38,313 - DEBUG - Sell signal detected, executing short at close=43668.93
2024-10-16 02:54:38,313 - DEBUG - Already in short position, no action needed
2024-10-16 02:54:38,313 - DEBUG - Processing bar: 2023-12-21 05:30:00 with signal -1 at price 43861.8
2024-10-16 02:54:38,313 - DEBUG - Sell signal detected, executing short at close=43861.8
2024-10-16 02:54:38,313 - DEBUG - Already in short position, no action needed
2024-10-16 02:54:38,313 - DEBUG - Processing bar: 2023-12-22 05:30:00 with signal -1 at price 43969.04
2024-10-16 02:54:38,313 - DEBUG - Sell signal detected, executing short at close=43969.04
2024-10-16 02:54:38,313 - DEBUG - Already in short position, no action needed
2024-10-16 02:54:38,313 - DEBUG - Processing bar: 2023-12-23 05:30:00 with signal -1 at price 43702.16
2024-10-16 02:54:38,314 - DEBUG - Sell signal detected, executing short at close=43702.16
2024-10-16 02:54:38,314 - DEBUG - Already in short position, no action needed
2024-10-16 02:54:38,314 - DEBUG - Processing bar: 2023-12-24 05:30:00 with signal 0 at price 42991.5
2024-10-16 02:54:38,314 - DEBUG - Processing bar: 2023-12-25 05:30:00 with signal -1 at price 43576.13
2024-10-16 02:54:38,314 - DEBUG - Sell signal detected, executing short at close=43576.13
2024-10-16 02:54:38,314 - DEBUG - Already in short position, no action needed
2024-10-16 02:54:38,314 - DEBUG - Processing bar: 2023-12-26 05:30:00 with signal 0 at price 42508.93
2024-10-16 02:54:38,314 - DEBUG - Processing bar: 2023-12-27 05:30:00 with signal -1 at price 43428.85
2024-10-16 02:54:38,314 - DEBUG - Sell signal detected, executing short at close=43428.85
2024-10-16 02:54:38,314 - DEBUG - Already in short position, no action needed
2024-10-16 02:54:38,314 - DEBUG - Processing bar: 2023-12-28 05:30:00 with signal 0 at price 42563.76
2024-10-16 02:54:38,314 - DEBUG - Processing bar: 2023-12-29 05:30:00 with signal 0 at price 42066.95
2024-10-16 02:54:38,314 - DEBUG - Processing bar: 2023-12-30 05:30:00 with signal 0 at price 42140.28
2024-10-16 02:54:38,314 - DEBUG - Processing bar: 2023-12-31 05:30:00 with signal 0 at price 42283.58
2024-10-16 02:54:38,314 - DEBUG - Processing bar: 2024-01-01 05:30:00 with signal -1 at price 44179.55
2024-10-16 02:54:38,314 - DEBUG - Sell signal detected, executing short at close=44179.55
2024-10-16 02:54:38,314 - DEBUG - Already in short position, no action needed
2024-10-16 02:54:38,314 - DEBUG - Processing bar: 2024-01-02 05:30:00 with signal -1 at price 44946.91
2024-10-16 02:54:38,314 - DEBUG - Sell signal detected, executing short at close=44946.91
2024-10-16 02:54:38,315 - DEBUG - Already in short position, no action needed
2024-10-16 02:54:38,315 - DEBUG - Processing bar: 2024-01-03 05:30:00 with signal 0 at price 42845.23
2024-10-16 02:54:38,315 - DEBUG - Processing bar: 2024-01-04 05:30:00 with signal 0 at price 44151.1
2024-10-16 02:54:38,315 - DEBUG - Processing bar: 2024-01-05 05:30:00 with signal 0 at price 44145.11
2024-10-16 02:54:38,315 - DEBUG - Processing bar: 2024-01-06 05:30:00 with signal 0 at price 43968.32
2024-10-16 02:54:38,315 - DEBUG - Processing bar: 2024-01-07 05:30:00 with signal 0 at price 43929.02
2024-10-16 02:54:38,315 - DEBUG - Processing bar: 2024-01-08 05:30:00 with signal 0 at price 46951.04
2024-10-16 02:54:38,315 - DEBUG - Processing bar: 2024-01-09 05:30:00 with signal 0 at price 46110.0
2024-10-16 02:54:38,315 - DEBUG - Processing bar: 2024-01-10 05:30:00 with signal 0 at price 46653.99
2024-10-16 02:54:38,315 - DEBUG - Processing bar: 2024-01-11 05:30:00 with signal 0 at price 46339.16
2024-10-16 02:54:38,316 - DEBUG - Processing bar: 2024-01-12 05:30:00 with signal 0 at price 42782.73
2024-10-16 02:54:38,316 - DEBUG - Processing bar: 2024-01-13 05:30:00 with signal 0 at price 42847.99
2024-10-16 02:54:38,316 - DEBUG - Processing bar: 2024-01-14 05:30:00 with signal 0 at price 41732.35
2024-10-16 02:54:38,316 - DEBUG - Processing bar: 2024-01-15 05:30:00 with signal 0 at price 42511.1
2024-10-16 02:54:38,316 - DEBUG - Processing bar: 2024-01-16 05:30:00 with signal 0 at price 43137.95
2024-10-16 02:54:38,316 - DEBUG - Processing bar: 2024-01-17 05:30:00 with signal 0 at price 42776.1
2024-10-16 02:54:38,316 - DEBUG - Processing bar: 2024-01-18 05:30:00 with signal 0 at price 41327.5
2024-10-16 02:54:38,316 - DEBUG - Processing bar: 2024-01-19 05:30:00 with signal 0 at price 41659.03
2024-10-16 02:54:38,317 - DEBUG - Processing bar: 2024-01-20 05:30:00 with signal 0 at price 41696.04
2024-10-16 02:54:38,317 - DEBUG - Processing bar: 2024-01-21 05:30:00 with signal 0 at price 41580.33
2024-10-16 02:54:38,317 - DEBUG - Processing bar: 2024-01-22 05:30:00 with signal 0 at price 39568.02
2024-10-16 02:54:38,317 - DEBUG - Processing bar: 2024-01-23 05:30:00 with signal 1 at price 39897.6
2024-10-16 02:54:38,317 - DEBUG - Buy signal detected, executing long at close=39897.6
2024-10-16 02:54:38,317 - DEBUG - Closing short position before opening long
2024-10-16 02:54:38,317 - DEBUG - Processing bar: 2024-01-24 05:30:00 with signal 1 at price 40084.88
2024-10-16 02:54:38,317 - DEBUG - Buy signal detected, executing long at close=40084.88
2024-10-16 02:54:38,317 - DEBUG - Already in long position, no action needed
2024-10-16 02:54:38,317 - DEBUG - Processing bar: 2024-01-25 05:30:00 with signal 1 at price 39961.09
2024-10-16 02:54:38,317 - DEBUG - Buy signal detected, executing long at close=39961.09
2024-10-16 02:54:38,317 - DEBUG - Already in long position, no action needed
2024-10-16 02:54:38,317 - DEBUG - Processing bar: 2024-01-26 05:30:00 with signal 0 at price 41823.51
2024-10-16 02:54:38,317 - DEBUG - Processing bar: 2024-01-27 05:30:00 with signal 0 at price 42120.63
2024-10-16 02:54:38,317 - DEBUG - Processing bar: 2024-01-28 05:30:00 with signal 0 at price 42031.06
2024-10-16 02:54:38,317 - DEBUG - Processing bar: 2024-01-29 05:30:00 with signal 0 at price 43302.7
2024-10-16 02:54:38,317 - DEBUG - Processing bar: 2024-01-30 05:30:00 with signal 0 at price 42941.1
2024-10-16 02:54:38,317 - DEBUG - Processing bar: 2024-01-31 05:30:00 with signal 0 at price 42580.0
2024-10-16 02:54:38,336 - INFO - Start                     2023-01-01 05:30:00
End                       2024-01-31 05:30:00
Duration                    395 days 00:00:00
Exposure Time [%]                   92.676768
Equity Final [$]                  667332.0525
Equity Peak [$]                  1262318.9702
Return [%]                         -33.266795
Buy & Hold Return [%]              156.247461
Return (Ann.) [%]                  -31.120023
Volatility (Ann.) [%]                67.29391
Sharpe Ratio                              0.0
Sortino Ratio                             0.0
Calmar Ratio                              0.0
Max. Drawdown [%]                  -72.448186
Avg. Drawdown [%]                  -12.714928
Max. Drawdown Duration      324 days 00:00:00
Avg. Drawdown Duration       46 days 00:00:00
# Trades                                   14
Win Rate [%]                        71.428571
Best Trade [%]                       7.909148
Worst Trade [%]                    -43.129147
Avg. Trade [%]                      -2.861118
Max. Trade Duration         109 days 00:00:00
Avg. Trade Duration          27 days 00:00:00
Profit Factor                        0.693854
Expectancy [%]                       -1.68467
SQN                                 -0.578185
_strategy                 ChandeKrollStopS...
_equity_curve                             ...
_trades                       Size  EntryB...
dtype: object
2024-10-16 02:54:38,345 - INFO - Backtest complete
2024-10-16 02:54:38,349 - INFO - Trades have been exported to /Users/pranaygaurav/Downloads/AlgoTrading/p4_crypto_2cents/cefi_strategy_backtest/1.STATISTICAL_AND_PROBABILITY_BASED/1.fmz_pinescript_strategies_backtest/Trademaster_fmz_30_strategies/tradebook/29_ChandeKrollStopStrategy_backtest_trades.csv
