2024-10-16 02:56:27,093 - INFO - Loading and preparing data.
2024-10-16 02:56:27,096 - INFO - Data loading and preparation complete.
2024-10-16 02:56:27,124 - INFO - indicator generation complete data
                         Open      High       Low     Close  ...  shortdata2  longdata2  exitdata2  signal
timestamp                                                    ...                                          
2023-01-01 05:30:00  16541.77  16628.00  16499.01  16616.75  ...       False      False       True      -2
2023-01-02 05:30:00  16617.17  16799.23  16548.70  16672.87  ...       False      False       True      -2
2023-01-03 05:30:00  16672.78  16778.40  16605.28  16675.18  ...       False      False       True      -2
2023-01-04 05:30:00  16675.65  16991.87  16652.66  16850.36  ...       False      False       True      -2
2023-01-05 05:30:00  16850.36  16879.82  16753.00  16831.85  ...       False      False       True      -2
...                       ...       ...       ...       ...  ...         ...        ...        ...     ...
2024-01-27 05:30:00  41823.51  42200.00  41394.34  42120.63  ...       False       True      False       1
2024-01-28 05:30:00  42120.63  42842.68  41620.81  42031.06  ...       False       True      False       1
2024-01-29 05:30:00  42031.05  43333.00  41804.88  43302.70  ...       False       True      False       1
2024-01-30 05:30:00  43302.71  43882.36  42683.99  42941.10  ...       False       True      False       1
2024-01-31 05:30:00  42941.10  43745.11  42276.84  42580.00  ...       False       True      False       1

[396 rows x 37 columns]
2024-10-16 02:56:27,125 - INFO - Starting
2024-10-16 02:56:27,140 - INFO - Start                     2023-01-01 05:30:00
End                       2024-01-31 05:30:00
Duration                    395 days 00:00:00
Exposure Time [%]                   39.646465
Equity Final [$]                1098866.10544
Equity Peak [$]                 1259053.09276
Return [%]                           9.886611
Buy & Hold Return [%]              156.247461
Return (Ann.) [%]                    9.078587
Volatility (Ann.) [%]               29.323793
Sharpe Ratio                         0.309598
Sortino Ratio                        0.591753
Calmar Ratio                         0.491591
Max. Drawdown [%]                  -18.467783
Avg. Drawdown [%]                   -6.312696
Max. Drawdown Duration      193 days 00:00:00
Avg. Drawdown Duration       40 days 00:00:00
# Trades                                   41
Win Rate [%]                        26.829268
Best Trade [%]                      25.518588
Worst Trade [%]                     -5.399568
Avg. Trade [%]                       0.226477
Max. Trade Duration          11 days 00:00:00
Avg. Trade Duration           3 days 00:00:00
Profit Factor                        1.249292
Expectancy [%]                       0.390542
SQN                                  0.252375
_strategy                  FlawlessVictoryDCA
_equity_curve                             ...
_trades                       Size  EntryB...
dtype: object
2024-10-16 02:56:27,153 - INFO - Backtest complete
2024-10-16 02:56:27,154 - INFO - Trades have been exported to /Users/pranaygaurav/Downloads/AlgoTrading/p4_crypto_2cents/cefi_strategy_backtest/1.STATISTICAL_AND_PROBABILITY_BASED/1.fmz_pinescript_strategies_backtest/Trademaster_fmz_30_strategies/tradebook/30_FlawlessVictoryDCA_backtest_trades.csv
